<?xml version="1.0" encoding="UTF-8" ?>
<testsuite tests="5" failures="0" name="uk.warwick.tools.images.ExtraImageProcessorTest" time="0.046" errors="0" skipped="0">
  <properties>
[...]
</properties>
  <testcase classname="uk.warwick.tools.images.ExtraImageProcessorTest" name="TestExtendImageToRotation_45s" time="0.011"/>
  <testcase classname="uk.warwick.tools.images.ExtraImageProcessorTest" name="Testcrop" time="0.002"/>
  <testcase classname="uk.warwick.tools.images.ExtraImageProcessorTest" name="TestRotate" time="0.016"/>
  <testcase classname="uk.warwick.tools.images.ExtraImageProcessorTest" name="TestExtendImageToRotation_0s" time="0.003"/>
  <testcase classname="uk.warwick.tools.images.ExtraImageProcessorTest" name="TestRotate_0background" time="0.014"/>
</testsuite>